#
# There is insufficient memory for the Java Runtime Environment to continue.
# Native memory allocation (malloc) failed to allocate 375072 bytes. Error detail: Chunk::new
# Possible reasons:
#   The system is out of physical RAM or swap space
#   This process is running with CompressedOops enabled, and the Java Heap may be blocking the growth of the native heap
# Possible solutions:
#   Reduce memory load on the system
#   Increase physical memory or swap space
#   Check if swap backing store is full
#   Decrease Java heap size (-Xmx/-Xms)
#   Decrease number of Java threads
#   Decrease Java thread stack sizes (-Xss)
#   Set larger code cache with -XX:ReservedCodeCacheSize=
#   JVM is running with Unscaled Compressed Oops mode in which the Java heap is
#     placed in the first 4GB address space. The Java Heap base address is the
#     maximum limit for the native heap growth. Please use -XX:HeapBaseMinAddress
#     to set the Java Heap base and to place the Java Heap above 4GB virtual address.
# This output file may be truncated or incomplete.
#
#  Out of Memory Error (arena.cpp:150), pid=3904, tid=7540
#
# JRE version: Java(TM) SE Runtime Environment (22.0.1+8) (build 22.0.1+8-16)
# Java VM: Java HotSpot(TM) 64-Bit Server VM (22.0.1+8-16, mixed mode, sharing, tiered, compressed oops, compressed class ptrs, g1 gc, windows-amd64)
# No core dump will be written. Minidumps are not enabled by default on client versions of Windows
#

---------------  S U M M A R Y ------------

Command Line: -javaagent:C:\Program Files\JetBrains\IntelliJ IDEA Community Edition 2024.1.1\lib\idea_rt.jar=51714:C:\Program Files\JetBrains\IntelliJ IDEA Community Edition 2024.1.1\bin -Dfile.encoding=UTF-8 -Dsun.stdout.encoding=UTF-8 -Dsun.stderr.encoding=UTF-8 com.example.project3.Project3Application

Host: Intel(R) Core(TM) i3-6006U CPU @ 2.00GHz, 4 cores, 3G,  Windows 10 , 64 bit Build 19041 (10.0.19041.928)
Time: Fri May  3 10:17:58 2024 SE Asia Standard Time elapsed time: 27.233913 seconds (0d 0h 0m 27s)

---------------  T H R E A D  ---------------

Current thread (0x0000021c1d51b6f0):  JavaThread "C2 CompilerThread0" daemon [_thread_in_native, id=7540, stack(0x000000e983e00000,0x000000e983f00000) (1024K)]


Current CompileTask:
C2:27234 5683 %     4       java.util.Properties$LineReader::readLine @ 293 (584 bytes)

Stack: [0x000000e983e00000,0x000000e983f00000]
Native frames: (J=compiled Java code, j=interpreted, Vv=VM code, C=native code)
V  [jvm.dll+0x6e2279]  (no source info available)
V  [jvm.dll+0x874e33]  (no source info available)
V  [jvm.dll+0x87725e]  (no source info available)
V  [jvm.dll+0x877933]  (no source info available)
V  [jvm.dll+0x27fd76]  (no source info available)
V  [jvm.dll+0xc3d0f]  (no source info available)
V  [jvm.dll+0xc3f6b]  (no source info available)
V  [jvm.dll+0x3bb10c]  (no source info available)
V  [jvm.dll+0x387b6b]  (no source info available)
V  [jvm.dll+0x386fda]  (no source info available)
V  [jvm.dll+0x247918]  (no source info available)
V  [jvm.dll+0x246fbf]  (no source info available)
V  [jvm.dll+0x1c4e90]  (no source info available)
V  [jvm.dll+0x2569fe]  (no source info available)
V  [jvm.dll+0x254cba]  (no source info available)
V  [jvm.dll+0x3f5336]  (no source info available)
V  [jvm.dll+0x81d44b]  (no source info available)
V  [jvm.dll+0x6e0915]  (no source info available)
C  [ucrtbase.dll+0x21bb2]  (no source info available)
C  [KERNEL32.DLL+0x17034]  (no source info available)
C  [ntdll.dll+0x52651]  (no source info available)


---------------  P R O C E S S  ---------------

Threads class SMR info:
_java_thread_list=0x0000021c664c7b20, length=29, elements={
0x0000021c1d510cb0, 0x0000021c1d514990, 0x0000021c1d516400, 0x0000021c1d516e60,
0x0000021c1d517ef0, 0x0000021c1d518950, 0x0000021c1d51b6f0, 0x0000021c1d51ec40,
0x0000021c1d76c780, 0x0000021c1d88cf70, 0x0000021c1d88d5e0, 0x0000021c64885990,
0x0000021c64886d40, 0x0000021c64884c70, 0x0000021c648873d0, 0x0000021c64883f50,
0x0000021c648845e0, 0x0000021c64886020, 0x0000021c657e5df0, 0x0000021c657e3690,
0x0000021c657e8550, 0x0000021c657e8be0, 0x0000021c657e9270, 0x0000021c657e3d20,
0x0000021c657e7ec0, 0x0000021c657eacb0, 0x0000021c657e43b0, 0x0000021c657e9900,
0x0000021c657e9f90
}

Java Threads: ( => current thread )
  0x0000021c1d510cb0 JavaThread "Reference Handler"          daemon [_thread_blocked, id=8116, stack(0x000000e983800000,0x000000e983900000) (1024K)]
  0x0000021c1d514990 JavaThread "Finalizer"                  daemon [_thread_blocked, id=4036, stack(0x000000e983900000,0x000000e983a00000) (1024K)]
  0x0000021c1d516400 JavaThread "Signal Dispatcher"          daemon [_thread_blocked, id=5384, stack(0x000000e983a00000,0x000000e983b00000) (1024K)]
  0x0000021c1d516e60 JavaThread "Attach Listener"            daemon [_thread_blocked, id=3140, stack(0x000000e983b00000,0x000000e983c00000) (1024K)]
  0x0000021c1d517ef0 JavaThread "Service Thread"             daemon [_thread_blocked, id=10336, stack(0x000000e983c00000,0x000000e983d00000) (1024K)]
  0x0000021c1d518950 JavaThread "Monitor Deflation Thread"   daemon [_thread_blocked, id=4368, stack(0x000000e983d00000,0x000000e983e00000) (1024K)]
=>0x0000021c1d51b6f0 JavaThread "C2 CompilerThread0"         daemon [_thread_in_native, id=7540, stack(0x000000e983e00000,0x000000e983f00000) (1024K)]
  0x0000021c1d51ec40 JavaThread "C1 CompilerThread0"         daemon [_thread_blocked, id=10788, stack(0x000000e983f00000,0x000000e984000000) (1024K)]
  0x0000021c1d76c780 JavaThread "Common-Cleaner"             daemon [_thread_blocked, id=4908, stack(0x000000e984000000,0x000000e984100000) (1024K)]
  0x0000021c1d88cf70 JavaThread "Monitor Ctrl-Break"         daemon [_thread_in_native, id=2460, stack(0x000000e984100000,0x000000e984200000) (1024K)]
  0x0000021c1d88d5e0 JavaThread "Notification Thread"        daemon [_thread_blocked, id=6348, stack(0x000000e984200000,0x000000e984300000) (1024K)]
  0x0000021c64885990 JavaThread "mysql-cj-abandoned-connection-cleanup" daemon [_thread_blocked, id=6984, stack(0x000000e984600000,0x000000e984700000) (1024K)]
  0x0000021c64886d40 JavaThread "HikariPool-1 housekeeper"   daemon [_thread_blocked, id=4568, stack(0x000000e984900000,0x000000e984a00000) (1024K)]
  0x0000021c64884c70 JavaThread "Catalina-utility-1"                [_thread_blocked, id=5600, stack(0x000000e984700000,0x000000e984800000) (1024K)]
  0x0000021c648873d0 JavaThread "Catalina-utility-2"                [_thread_blocked, id=8640, stack(0x000000e984a00000,0x000000e984b00000) (1024K)]
  0x0000021c64883f50 JavaThread "container-0"                       [_thread_blocked, id=4320, stack(0x000000e984b00000,0x000000e984c00000) (1024K)]
  0x0000021c648845e0 JavaThread "http-nio-8080-exec-1"       daemon [_thread_blocked, id=3748, stack(0x000000e984c00000,0x000000e984d00000) (1024K)]
  0x0000021c64886020 JavaThread "http-nio-8080-exec-2"       daemon [_thread_in_native, id=2516, stack(0x000000e984d00000,0x000000e984e00000) (1024K)]
  0x0000021c657e5df0 JavaThread "http-nio-8080-exec-3"       daemon [_thread_blocked, id=5932, stack(0x000000e984e00000,0x000000e984f00000) (1024K)]
  0x0000021c657e3690 JavaThread "http-nio-8080-exec-4"       daemon [_thread_blocked, id=9248, stack(0x000000e984f00000,0x000000e985000000) (1024K)]
  0x0000021c657e8550 JavaThread "http-nio-8080-exec-5"       daemon [_thread_blocked, id=9436, stack(0x000000e985000000,0x000000e985100000) (1024K)]
  0x0000021c657e8be0 JavaThread "http-nio-8080-exec-6"       daemon [_thread_blocked, id=11076, stack(0x000000e985100000,0x000000e985200000) (1024K)]
  0x0000021c657e9270 JavaThread "http-nio-8080-exec-7"       daemon [_thread_blocked, id=6688, stack(0x000000e985200000,0x000000e985300000) (1024K)]
  0x0000021c657e3d20 JavaThread "http-nio-8080-exec-8"       daemon [_thread_blocked, id=1936, stack(0x000000e985300000,0x000000e985400000) (1024K)]
  0x0000021c657e7ec0 JavaThread "http-nio-8080-exec-9"       daemon [_thread_blocked, id=8420, stack(0x000000e985400000,0x000000e985500000) (1024K)]
  0x0000021c657eacb0 JavaThread "http-nio-8080-exec-10"      daemon [_thread_blocked, id=10172, stack(0x000000e985500000,0x000000e985600000) (1024K)]
  0x0000021c657e43b0 JavaThread "http-nio-8080-Poller"       daemon [_thread_in_native, id=6364, stack(0x000000e985600000,0x000000e985700000) (1024K)]
  0x0000021c657e9900 JavaThread "http-nio-8080-Acceptor"     daemon [_thread_in_native, id=9792, stack(0x000000e985700000,0x000000e985800000) (1024K)]
  0x0000021c657e9f90 JavaThread "DestroyJavaVM"                     [_thread_blocked, id=10784, stack(0x000000e983000000,0x000000e983100000) (1024K)]
Total: 29

Other Threads:
  0x0000021c00b38710 VMThread "VM Thread"                           [id=5136, stack(0x000000e983700000,0x000000e983800000) (1024K)]
  0x0000021c00b22450 WatcherThread "VM Periodic Task Thread"        [id=7380, stack(0x000000e983600000,0x000000e983700000) (1024K)]
  0x0000021c00aa77e0 WorkerThread "GC Thread#0"                     [id=8580, stack(0x000000e983100000,0x000000e983200000) (1024K)]
  0x0000021c636df820 WorkerThread "GC Thread#1"                     [id=3968, stack(0x000000e984300000,0x000000e984400000) (1024K)]
  0x0000021c636dfbd0 WorkerThread "GC Thread#2"                     [id=11072, stack(0x000000e984400000,0x000000e984500000) (1024K)]
  0x0000021c633effe0 WorkerThread "GC Thread#3"                     [id=9656, stack(0x000000e984500000,0x000000e984600000) (1024K)]
  0x0000021c00ab04d0 ConcurrentGCThread "G1 Main Marker"            [id=8292, stack(0x000000e983200000,0x000000e983300000) (1024K)]
  0x0000021c00ab1190 WorkerThread "G1 Conc#0"                       [id=8484, stack(0x000000e983300000,0x000000e983400000) (1024K)]
  0x0000021c00b0c020 ConcurrentGCThread "G1 Refine#0"               [id=3916, stack(0x000000e983400000,0x000000e983500000) (1024K)]
  0x0000021c00b0cba0 ConcurrentGCThread "G1 Service"                [id=7576, stack(0x000000e983500000,0x000000e983600000) (1024K)]
Total: 10

Threads with active compile tasks:
C2 CompilerThread0  27493 5683 %     4       java.util.Properties$LineReader::readLine @ 293 (584 bytes)
Total: 1

VM state: not at safepoint (normal execution)

VM Mutex/Monitor currently owned by a thread: None

Heap address: 0x00000000c1800000, size: 1000 MB, Compressed Oops mode: 32-bit

CDS archive(s) mapped at: [0x0000021c1e000000-0x0000021c1ec60000-0x0000021c1ec60000), size 12976128, SharedBaseAddress: 0x0000021c1e000000, ArchiveRelocationMode: 1.
Compressed class space mapped at: 0x0000021c1f000000-0x0000021c5f000000, reserved size: 1073741824
Narrow klass base: 0x0000021c1e000000, Narrow klass shift: 0, Narrow klass range: 0x41000000

GC Precious Log:
 CardTable entry size: 512
 Card Set container configuration: InlinePtr #cards 5 size 8 Array Of Cards #cards 12 size 40 Howl #buckets 4 coarsen threshold 1843 Howl Bitmap #cards 512 size 80 coarsen threshold 460 Card regions per heap region 1 cards per card region 2048
 CPUs: 4 total, 4 available
 Memory: 3992M
 Large Page Support: Disabled
 NUMA Support: Disabled
 Compressed Oops: Enabled (32-bit)
 Heap Region Size: 1M
 Heap Min Capacity: 8M
 Heap Initial Capacity: 64M
 Heap Max Capacity: 1000M
 Pre-touch: Disabled
 Parallel Workers: 4
 Concurrent Workers: 1
 Concurrent Refinement Workers: 4
 Periodic GC: Disabled

Heap:
 garbage-first heap   total reserved 1024000K, committed 58368K, used 36227K [0x00000000c1800000, 0x0000000100000000)
  region size 1024K, 13 young (13312K), 4 survivors (4096K)
 Metaspace       used 63264K, committed 64000K, reserved 1114112K
  class space    used 8736K, committed 9024K, reserved 1048576K

Heap Regions: E=young(eden), S=young(survivor), O=old, HS=humongous(starts), HC=humongous(continues), CS=collection set, F=free, TAMS=top-at-mark-start, PB=parsable bottom
|   0|0x00000000c1800000, 0x00000000c1900000, 0x00000000c1900000|100%|HS|  |TAMS 0x00000000c1800000| PB 0x00000000c1800000| Complete |  0
|   1|0x00000000c1900000, 0x00000000c1a00000, 0x00000000c1a00000|100%| O|  |TAMS 0x00000000c1900000| PB 0x00000000c1900000| Untracked |  0
|   2|0x00000000c1a00000, 0x00000000c1b00000, 0x00000000c1b00000|100%| O|  |TAMS 0x00000000c1a00000| PB 0x00000000c1a00000| Untracked |  0
|   3|0x00000000c1b00000, 0x00000000c1c00000, 0x00000000c1c00000|100%| O|  |TAMS 0x00000000c1b00000| PB 0x00000000c1b00000| Untracked |  0
|   4|0x00000000c1c00000, 0x00000000c1d00000, 0x00000000c1d00000|100%| O|  |TAMS 0x00000000c1c00000| PB 0x00000000c1c00000| Untracked |  0
|   5|0x00000000c1d00000, 0x00000000c1e00000, 0x00000000c1e00000|100%| O|  |TAMS 0x00000000c1d00000| PB 0x00000000c1d00000| Untracked |  0
|   6|0x00000000c1e00000, 0x00000000c1f00000, 0x00000000c1f00000|100%| O|  |TAMS 0x00000000c1e00000| PB 0x00000000c1e00000| Untracked |  0
|   7|0x00000000c1f00000, 0x00000000c2000000, 0x00000000c2000000|100%| O|  |TAMS 0x00000000c1f00000| PB 0x00000000c1f00000| Untracked |  0
|   8|0x00000000c2000000, 0x00000000c2100000, 0x00000000c2100000|100%| O|  |TAMS 0x00000000c2000000| PB 0x00000000c2000000| Untracked |  0
|   9|0x00000000c2100000, 0x00000000c2200000, 0x00000000c2200000|100%| O|  |TAMS 0x00000000c2100000| PB 0x00000000c2100000| Untracked |  0
|  10|0x00000000c2200000, 0x00000000c2300000, 0x00000000c2300000|100%| O|  |TAMS 0x00000000c2200000| PB 0x00000000c2200000| Untracked |  0
|  11|0x00000000c2300000, 0x00000000c2400000, 0x00000000c2400000|100%| O|  |TAMS 0x00000000c2300000| PB 0x00000000c2300000| Untracked |  0
|  12|0x00000000c2400000, 0x00000000c2500000, 0x00000000c2500000|100%| O|  |TAMS 0x00000000c2400000| PB 0x00000000c2400000| Untracked |  0
|  13|0x00000000c2500000, 0x00000000c2600000, 0x00000000c2600000|100%| O|  |TAMS 0x00000000c2500000| PB 0x00000000c2500000| Untracked |  0
|  14|0x00000000c2600000, 0x00000000c2700000, 0x00000000c2700000|100%| O|  |TAMS 0x00000000c2600000| PB 0x00000000c2600000| Untracked |  0
|  15|0x00000000c2700000, 0x00000000c2800000, 0x00000000c2800000|100%| O|Cm|TAMS 0x00000000c2700000| PB 0x00000000c2700000| Complete |  0
|  16|0x00000000c2800000, 0x00000000c2900000, 0x00000000c2900000|100%| O|  |TAMS 0x00000000c2800000| PB 0x00000000c2800000| Untracked |  0
|  17|0x00000000c2900000, 0x00000000c2a00000, 0x00000000c2a00000|100%| O|  |TAMS 0x00000000c2900000| PB 0x00000000c2900000| Untracked |  0
|  18|0x00000000c2a00000, 0x00000000c2b00000, 0x00000000c2b00000|100%| O|  |TAMS 0x00000000c2a00000| PB 0x00000000c2a00000| Untracked |  0
|  19|0x00000000c2b00000, 0x00000000c2c00000, 0x00000000c2c00000|100%| O|  |TAMS 0x00000000c2b00000| PB 0x00000000c2b00000| Untracked |  0
|  20|0x00000000c2c00000, 0x00000000c2d00000, 0x00000000c2d00000|100%| O|  |TAMS 0x00000000c2c00000| PB 0x00000000c2c00000| Untracked |  0
|  21|0x00000000c2d00000, 0x00000000c2e00000, 0x00000000c2e00000|100%| O|  |TAMS 0x00000000c2d00000| PB 0x00000000c2d00000| Untracked |  0
|  22|0x00000000c2e00000, 0x00000000c2f00000, 0x00000000c2f00000|100%| O|  |TAMS 0x00000000c2e00000| PB 0x00000000c2e00000| Untracked |  0
|  23|0x00000000c2f00000, 0x00000000c3000000, 0x00000000c3000000|100%| O|  |TAMS 0x00000000c2f00000| PB 0x00000000c2f00000| Untracked |  0
|  24|0x00000000c3000000, 0x00000000c3060c70, 0x00000000c3100000| 37%| O|  |TAMS 0x00000000c3000000| PB 0x00000000c3000000| Untracked |  0
|  25|0x00000000c3100000, 0x00000000c3100000, 0x00000000c3200000|  0%| F|  |TAMS 0x00000000c3100000| PB 0x00000000c3100000| Untracked |  0
|  26|0x00000000c3200000, 0x00000000c3300000, 0x00000000c3300000|100%| S|CS|TAMS 0x00000000c3200000| PB 0x00000000c3200000| Complete |  0
|  27|0x00000000c3300000, 0x00000000c3400000, 0x00000000c3400000|100%| S|CS|TAMS 0x00000000c3300000| PB 0x00000000c3300000| Complete |  0
|  28|0x00000000c3400000, 0x00000000c3400000, 0x00000000c3500000|  0%| F|  |TAMS 0x00000000c3400000| PB 0x00000000c3400000| Untracked |  0
|  29|0x00000000c3500000, 0x00000000c3500000, 0x00000000c3600000|  0%| F|  |TAMS 0x00000000c3500000| PB 0x00000000c3500000| Untracked |  0
|  30|0x00000000c3600000, 0x00000000c3600000, 0x00000000c3700000|  0%| F|  |TAMS 0x00000000c3600000| PB 0x00000000c3600000| Untracked |  0
|  31|0x00000000c3700000, 0x00000000c3800000, 0x00000000c3800000|100%| S|CS|TAMS 0x00000000c3700000| PB 0x00000000c3700000| Complete |  0
|  32|0x00000000c3800000, 0x00000000c3900000, 0x00000000c3900000|100%| S|CS|TAMS 0x00000000c3800000| PB 0x00000000c3800000| Complete |  0
|  33|0x00000000c3900000, 0x00000000c3900000, 0x00000000c3a00000|  0%| F|  |TAMS 0x00000000c3900000| PB 0x00000000c3900000| Untracked |  0
|  34|0x00000000c3a00000, 0x00000000c3a00000, 0x00000000c3b00000|  0%| F|  |TAMS 0x00000000c3a00000| PB 0x00000000c3a00000| Untracked |  0
|  35|0x00000000c3b00000, 0x00000000c3b00000, 0x00000000c3c00000|  0%| F|  |TAMS 0x00000000c3b00000| PB 0x00000000c3b00000| Untracked |  0
|  36|0x00000000c3c00000, 0x00000000c3c00000, 0x00000000c3d00000|  0%| F|  |TAMS 0x00000000c3c00000| PB 0x00000000c3c00000| Untracked |  0
|  37|0x00000000c3d00000, 0x00000000c3d00000, 0x00000000c3e00000|  0%| F|  |TAMS 0x00000000c3d00000| PB 0x00000000c3d00000| Untracked |  0
|  38|0x00000000c3e00000, 0x00000000c3e00000, 0x00000000c3f00000|  0%| F|  |TAMS 0x00000000c3e00000| PB 0x00000000c3e00000| Untracked |  0
|  39|0x00000000c3f00000, 0x00000000c3f00000, 0x00000000c4000000|  0%| F|  |TAMS 0x00000000c3f00000| PB 0x00000000c3f00000| Untracked |  0
|  40|0x00000000c4000000, 0x00000000c4000000, 0x00000000c4100000|  0%| F|  |TAMS 0x00000000c4000000| PB 0x00000000c4000000| Untracked |  0
|  41|0x00000000c4100000, 0x00000000c4100000, 0x00000000c4200000|  0%| F|  |TAMS 0x00000000c4100000| PB 0x00000000c4100000| Untracked |  0
|  42|0x00000000c4200000, 0x00000000c4200000, 0x00000000c4300000|  0%| F|  |TAMS 0x00000000c4200000| PB 0x00000000c4200000| Untracked |  0
|  43|0x00000000c4300000, 0x00000000c4300000, 0x00000000c4400000|  0%| F|  |TAMS 0x00000000c4300000| PB 0x00000000c4300000| Untracked |  0
|  44|0x00000000c4400000, 0x00000000c4400000, 0x00000000c4500000|  0%| F|  |TAMS 0x00000000c4400000| PB 0x00000000c4400000| Untracked |  0
|  45|0x00000000c4500000, 0x00000000c4500000, 0x00000000c4600000|  0%| F|  |TAMS 0x00000000c4500000| PB 0x00000000c4500000| Untracked |  0
|  46|0x00000000c4600000, 0x00000000c4600000, 0x00000000c4700000|  0%| F|  |TAMS 0x00000000c4600000| PB 0x00000000c4600000| Untracked |  0
|  47|0x00000000c4700000, 0x00000000c4700000, 0x00000000c4800000|  0%| F|  |TAMS 0x00000000c4700000| PB 0x00000000c4700000| Untracked |  0
|  48|0x00000000c4800000, 0x00000000c488f450, 0x00000000c4900000| 55%| E|  |TAMS 0x00000000c4800000| PB 0x00000000c4800000| Complete |  0
|  49|0x00000000c4900000, 0x00000000c4a00000, 0x00000000c4a00000|100%| E|CS|TAMS 0x00000000c4900000| PB 0x00000000c4900000| Complete |  0
|  50|0x00000000c4a00000, 0x00000000c4b00000, 0x00000000c4b00000|100%| E|CS|TAMS 0x00000000c4a00000| PB 0x00000000c4a00000| Complete |  0
|  51|0x00000000c4b00000, 0x00000000c4c00000, 0x00000000c4c00000|100%| E|  |TAMS 0x00000000c4b00000| PB 0x00000000c4b00000| Complete |  0
|  52|0x00000000c4c00000, 0x00000000c4d00000, 0x00000000c4d00000|100%| E|CS|TAMS 0x00000000c4c00000| PB 0x00000000c4c00000| Complete |  0
|  53|0x00000000c4d00000, 0x00000000c4e00000, 0x00000000c4e00000|100%| E|CS|TAMS 0x00000000c4d00000| PB 0x00000000c4d00000| Complete |  0
|  54|0x00000000c4e00000, 0x00000000c4f00000, 0x00000000c4f00000|100%| E|CS|TAMS 0x00000000c4e00000| PB 0x00000000c4e00000| Complete |  0
|  55|0x00000000c4f00000, 0x00000000c5000000, 0x00000000c5000000|100%| E|CS|TAMS 0x00000000c4f00000| PB 0x00000000c4f00000| Complete |  0
|  56|0x00000000c5000000, 0x00000000c5100000, 0x00000000c5100000|100%| E|CS|TAMS 0x00000000c5000000| PB 0x00000000c5000000| Complete |  0

Card table byte_map: [0x0000021c19dd0000,0x0000021c19fd0000] _byte_map_base: 0x0000021c197c4000

Marking Bits: (CMBitMap*) 0x0000021c00aa7ef0
 Bits: [0x0000021c19fd0000, 0x0000021c1af70000)

Polling page: 0x0000021c0a570000

Metaspace:

Usage:
  Non-class:     53.25 MB used.
      Class:      8.53 MB used.
       Both:     61.79 MB used.

Virtual space:
  Non-class space:       64.00 MB reserved,      53.69 MB ( 84%) committed,  1 nodes.
      Class space:        1.00 GB reserved,       8.81 MB ( <1%) committed,  1 nodes.
             Both:        1.06 GB reserved,      62.50 MB (  6%) committed. 

Chunk freelists:
   Non-Class:  10.16 MB
       Class:  7.12 MB
        Both:  17.28 MB

MaxMetaspaceSize: unlimited
CompressedClassSpaceSize: 1.00 GB
Initial GC threshold: 21.00 MB
Current GC threshold: 96.38 MB
CDS: on
 - commit_granule_bytes: 65536.
 - commit_granule_words: 8192.
 - virtual_space_node_default_size: 8388608.
 - enlarge_chunks_in_place: 1.
 - use_allocation_guard: 0.


Internal statistics:

num_allocs_failed_limit: 6.
num_arena_births: 966.
num_arena_deaths: 0.
num_vsnodes_births: 2.
num_vsnodes_deaths: 0.
num_space_committed: 1000.
num_space_uncommitted: 0.
num_chunks_returned_to_freelist: 6.
num_chunks_taken_from_freelist: 3257.
num_chunk_merges: 6.
num_chunk_splits: 2330.
num_chunks_enlarged: 1784.
num_inconsistent_stats: 0.

CodeHeap 'non-profiled nmethods': size=120000Kb used=3097Kb max_used=3097Kb free=116902Kb
 bounds [0x0000021c12060000, 0x0000021c12380000, 0x0000021c19590000]
CodeHeap 'profiled nmethods': size=120000Kb used=9444Kb max_used=9605Kb free=110555Kb
 bounds [0x0000021c0a590000, 0x0000021c0af00000, 0x0000021c11ac0000]
CodeHeap 'non-nmethods': size=5760Kb used=1687Kb max_used=1750Kb free=4073Kb
 bounds [0x0000021c11ac0000, 0x0000021c11d30000, 0x0000021c12060000]
 total_blobs=5682 nmethods=4961 adapters=625
 compilation: enabled
              stopped_count=0, restarted_count=0
 full_count=0

Compilation events (20 events):
Event: 27.014 Thread 0x0000021c1d51b6f0 nmethod 5671 0x0000021c121a9590 code [0x0000021c121a9700, 0x0000021c121a9790]
Event: 27.027 Thread 0x0000021c1d51b6f0 5674   !   4       java.util.concurrent.ConcurrentHashMap::putVal (432 bytes)
Event: 27.031 Thread 0x0000021c1d51ec40 5677       3       java.lang.invoke.LambdaForm::create (12 bytes)
Event: 27.032 Thread 0x0000021c1d51ec40 nmethod 5677 0x0000021c0aa47a90 code [0x0000021c0aa47c40, 0x0000021c0aa47d68]
Event: 27.039 Thread 0x0000021c1d51ec40 5680       3       java.util.logging.Logger::isLoggable (27 bytes)
Event: 27.040 Thread 0x0000021c1d51ec40 nmethod 5680 0x0000021c0aa6e810 code [0x0000021c0aa6e9c0, 0x0000021c0aa6eb90]
Event: 27.041 Thread 0x0000021c1d51ec40 5681       3       java.nio.HeapByteBuffer::put (17 bytes)
Event: 27.042 Thread 0x0000021c1d51ec40 nmethod 5681 0x0000021c0adffd10 code [0x0000021c0adffec0, 0x0000021c0ae00120]
Event: 27.042 Thread 0x0000021c1d51ec40 5682   !   3       org.apache.tomcat.util.http.parser.HttpParser::isControl (9 bytes)
Event: 27.042 Thread 0x0000021c1d51ec40 nmethod 5682 0x0000021c0acbe490 code [0x0000021c0acbe620, 0x0000021c0acbe790]
Event: 27.093 Thread 0x0000021c1d51b6f0 nmethod 5674 0x0000021c121de510 code [0x0000021c121de7e0, 0x0000021c121dfed8]
Event: 27.093 Thread 0x0000021c1d51b6f0 5678       4       java.util.TreeMap::put (221 bytes)
Event: 27.150 Thread 0x0000021c1d51ec40 5684       3       java.lang.Long::stringSize (55 bytes)
Event: 27.151 Thread 0x0000021c1d51ec40 nmethod 5684 0x0000021c0adff790 code [0x0000021c0adff940, 0x0000021c0adffba8]
Event: 27.151 Thread 0x0000021c1d51ec40 5685       3       java.lang.StringLatin1::getChars (157 bytes)
Event: 27.151 Thread 0x0000021c1d51ec40 nmethod 5685 0x0000021c0ac1d810 code [0x0000021c0ac1da00, 0x0000021c0ac1df48]
Event: 27.194 Thread 0x0000021c1d51b6f0 nmethod 5678 0x0000021c121dbd90 code [0x0000021c121dc020, 0x0000021c121ddaa0]
Event: 27.194 Thread 0x0000021c1d51b6f0 5683 %     4       java.util.Properties$LineReader::readLine @ 293 (584 bytes)
Event: 27.223 Thread 0x0000021c1d51ec40 5690       3       java.lang.String::contains (19 bytes)
Event: 27.224 Thread 0x0000021c1d51ec40 nmethod 5690 0x0000021c0ac1d310 code [0x0000021c0ac1d4c0, 0x0000021c0ac1d730]

GC Heap History (20 events):
Event: 7.384 GC heap before
{Heap before GC invocations=5 (full 0):
 garbage-first heap   total reserved 1024000K, committed 48128K, used 37114K [0x00000000c1800000, 0x0000000100000000)
  region size 1024K, 28 young (28672K), 5 survivors (5120K)
 Metaspace       used 25228K, committed 25664K, reserved 1114112K
  class space    used 3158K, committed 3328K, reserved 1048576K
}
Event: 7.407 GC heap after
{Heap after GC invocations=6 (full 0):
 garbage-first heap   total reserved 1024000K, committed 48128K, used 15865K [0x00000000c1800000, 0x0000000100000000)
  region size 1024K, 3 young (3072K), 3 survivors (3072K)
 Metaspace       used 25228K, committed 25664K, reserved 1114112K
  class space    used 3158K, committed 3328K, reserved 1048576K
}
Event: 9.446 GC heap before
{Heap before GC invocations=6 (full 0):
 garbage-first heap   total reserved 1024000K, committed 48128K, used 36345K [0x00000000c1800000, 0x0000000100000000)
  region size 1024K, 24 young (24576K), 3 survivors (3072K)
 Metaspace       used 29922K, committed 30400K, reserved 1114112K
  class space    used 3809K, committed 4032K, reserved 1048576K
}
Event: 9.463 GC heap after
{Heap after GC invocations=7 (full 0):
 garbage-first heap   total reserved 1024000K, committed 48128K, used 18320K [0x00000000c1800000, 0x0000000100000000)
  region size 1024K, 3 young (3072K), 3 survivors (3072K)
 Metaspace       used 29922K, committed 30400K, reserved 1114112K
  class space    used 3809K, committed 4032K, reserved 1048576K
}
Event: 11.229 GC heap before
{Heap before GC invocations=7 (full 0):
 garbage-first heap   total reserved 1024000K, committed 48128K, used 38800K [0x00000000c1800000, 0x0000000100000000)
  region size 1024K, 23 young (23552K), 3 survivors (3072K)
 Metaspace       used 34930K, committed 35520K, reserved 1114112K
  class space    used 4414K, committed 4672K, reserved 1048576K
}
Event: 11.244 GC heap after
{Heap after GC invocations=8 (full 0):
 garbage-first heap   total reserved 1024000K, committed 48128K, used 20943K [0x00000000c1800000, 0x0000000100000000)
  region size 1024K, 3 young (3072K), 3 survivors (3072K)
 Metaspace       used 34930K, committed 35520K, reserved 1114112K
  class space    used 4414K, committed 4672K, reserved 1048576K
}
Event: 11.351 GC heap before
{Heap before GC invocations=8 (full 0):
 garbage-first heap   total reserved 1024000K, committed 48128K, used 22991K [0x00000000c1800000, 0x0000000100000000)
  region size 1024K, 6 young (6144K), 3 survivors (3072K)
 Metaspace       used 35438K, committed 35968K, reserved 1114112K
  class space    used 4488K, committed 4736K, reserved 1048576K
}
Event: 11.359 GC heap after
{Heap after GC invocations=9 (full 0):
 garbage-first heap   total reserved 1024000K, committed 48128K, used 21181K [0x00000000c1800000, 0x0000000100000000)
  region size 1024K, 1 young (1024K), 1 survivors (1024K)
 Metaspace       used 35438K, committed 35968K, reserved 1114112K
  class space    used 4488K, committed 4736K, reserved 1048576K
}
Event: 12.503 GC heap before
{Heap before GC invocations=10 (full 0):
 garbage-first heap   total reserved 1024000K, committed 48128K, used 38589K [0x00000000c1800000, 0x0000000100000000)
  region size 1024K, 19 young (19456K), 1 survivors (1024K)
 Metaspace       used 40230K, committed 40832K, reserved 1114112K
  class space    used 5284K, committed 5568K, reserved 1048576K
}
Event: 12.509 GC heap after
{Heap after GC invocations=11 (full 0):
 garbage-first heap   total reserved 1024000K, committed 48128K, used 21874K [0x00000000c1800000, 0x0000000100000000)
  region size 1024K, 2 young (2048K), 2 survivors (2048K)
 Metaspace       used 40230K, committed 40832K, reserved 1114112K
  class space    used 5284K, committed 5568K, reserved 1048576K
}
Event: 13.567 GC heap before
{Heap before GC invocations=11 (full 0):
 garbage-first heap   total reserved 1024000K, committed 48128K, used 39282K [0x00000000c1800000, 0x0000000100000000)
  region size 1024K, 20 young (20480K), 2 survivors (2048K)
 Metaspace       used 44691K, committed 45312K, reserved 1114112K
  class space    used 5867K, committed 6144K, reserved 1048576K
}
Event: 13.577 GC heap after
{Heap after GC invocations=12 (full 0):
 garbage-first heap   total reserved 1024000K, committed 48128K, used 22451K [0x00000000c1800000, 0x0000000100000000)
  region size 1024K, 2 young (2048K), 2 survivors (2048K)
 Metaspace       used 44691K, committed 45312K, reserved 1114112K
  class space    used 5867K, committed 6144K, reserved 1048576K
}
Event: 14.720 GC heap before
{Heap before GC invocations=12 (full 0):
 garbage-first heap   total reserved 1024000K, committed 48128K, used 41907K [0x00000000c1800000, 0x0000000100000000)
  region size 1024K, 22 young (22528K), 2 survivors (2048K)
 Metaspace       used 50901K, committed 51456K, reserved 1114112K
  class space    used 6919K, committed 7168K, reserved 1048576K
}
Event: 14.732 GC heap after
{Heap after GC invocations=13 (full 0):
 garbage-first heap   total reserved 1024000K, committed 48128K, used 23469K [0x00000000c1800000, 0x0000000100000000)
  region size 1024K, 2 young (2048K), 2 survivors (2048K)
 Metaspace       used 50901K, committed 51456K, reserved 1114112K
  class space    used 6919K, committed 7168K, reserved 1048576K
}
Event: 15.587 GC heap before
{Heap before GC invocations=13 (full 0):
 garbage-first heap   total reserved 1024000K, committed 48128K, used 42925K [0x00000000c1800000, 0x0000000100000000)
  region size 1024K, 21 young (21504K), 2 survivors (2048K)
 Metaspace       used 55570K, committed 56192K, reserved 1114112K
  class space    used 7534K, committed 7808K, reserved 1048576K
}
Event: 15.598 GC heap after
{Heap after GC invocations=14 (full 0):
 garbage-first heap   total reserved 1024000K, committed 48128K, used 24668K [0x00000000c1800000, 0x0000000100000000)
  region size 1024K, 3 young (3072K), 3 survivors (3072K)
 Metaspace       used 55570K, committed 56192K, reserved 1114112K
  class space    used 7534K, committed 7808K, reserved 1048576K
}
Event: 16.515 GC heap before
{Heap before GC invocations=14 (full 0):
 garbage-first heap   total reserved 1024000K, committed 48128K, used 41052K [0x00000000c1800000, 0x0000000100000000)
  region size 1024K, 19 young (19456K), 3 survivors (3072K)
 Metaspace       used 58374K, committed 59008K, reserved 1114112K
  class space    used 7975K, committed 8256K, reserved 1048576K
}
Event: 16.525 GC heap after
{Heap after GC invocations=15 (full 0):
 garbage-first heap   total reserved 1024000K, committed 58368K, used 26335K [0x00000000c1800000, 0x0000000100000000)
  region size 1024K, 3 young (3072K), 3 survivors (3072K)
 Metaspace       used 58374K, committed 59008K, reserved 1114112K
  class space    used 7975K, committed 8256K, reserved 1048576K
}
Event: 18.803 GC heap before
{Heap before GC invocations=16 (full 0):
 garbage-first heap   total reserved 1024000K, committed 58368K, used 50911K [0x00000000c1800000, 0x0000000100000000)
  region size 1024K, 27 young (27648K), 3 survivors (3072K)
 Metaspace       used 61227K, committed 61952K, reserved 1114112K
  class space    used 8471K, committed 8832K, reserved 1048576K
}
Event: 18.818 GC heap after
{Heap after GC invocations=17 (full 0):
 garbage-first heap   total reserved 1024000K, committed 58368K, used 29059K [0x00000000c1800000, 0x0000000100000000)
  region size 1024K, 4 young (4096K), 4 survivors (4096K)
 Metaspace       used 61227K, committed 61952K, reserved 1114112K
  class space    used 8471K, committed 8832K, reserved 1048576K
}

Dll operation events (15 events):
Event: 0.047 Loaded shared library C:\Program Files\Java\jdk-22\bin\java.dll
Event: 0.121 Loaded shared library C:\Program Files\Java\jdk-22\bin\jsvml.dll
Event: 0.406 Loaded shared library C:\Program Files\Java\jdk-22\bin\zip.dll
Event: 0.413 Loaded shared library C:\Program Files\Java\jdk-22\bin\instrument.dll
Event: 0.423 Loaded shared library C:\Program Files\Java\jdk-22\bin\net.dll
Event: 0.426 Loaded shared library C:\Program Files\Java\jdk-22\bin\nio.dll
Event: 0.433 Loaded shared library C:\Program Files\Java\jdk-22\bin\zip.dll
Event: 0.697 Loaded shared library C:\Program Files\JetBrains\IntelliJ IDEA Community Edition 2024.1.1\bin\breakgen64.dll
Event: 0.721 Loaded shared library C:\Program Files\Java\jdk-22\bin\extnet.dll
Event: 0.804 Loaded shared library C:\Program Files\Java\jdk-22\bin\jimage.dll
Event: 2.503 Loaded shared library C:\Program Files\Java\jdk-22\bin\le.dll
Event: 3.890 Loaded shared library C:\Program Files\Java\jdk-22\bin\sunmscapi.dll
Event: 9.053 Loaded shared library C:\Program Files\Java\jdk-22\bin\management.dll
Event: 9.057 Loaded shared library C:\Program Files\Java\jdk-22\bin\management_ext.dll
Event: 11.765 Loaded shared library C:\Program Files\Java\jdk-22\bin\verify.dll

Deoptimization events (20 events):
Event: 18.675 Thread 0x0000021c00966930 Uncommon trap: trap_request=0xffffffde fr.pc=0x0000021c120da888 relative=0x00000000000001a8
Event: 18.675 Thread 0x0000021c00966930 Uncommon trap: reason=class_check action=maybe_recompile pc=0x0000021c120da888 method=org.springframework.boot.context.properties.source.ConfigurationPropertyName$Elements.charAt(II)C @ 43 c2
Event: 18.675 Thread 0x0000021c00966930 DEOPT PACKING pc=0x0000021c120da888 sp=0x000000e9830fc620
Event: 18.675 Thread 0x0000021c00966930 DEOPT UNPACKING pc=0x0000021c11b146a2 sp=0x000000e9830fc598 mode 2
Event: 18.675 Thread 0x0000021c00966930 Uncommon trap: trap_request=0xffffffde fr.pc=0x0000021c120da888 relative=0x00000000000001a8
Event: 18.675 Thread 0x0000021c00966930 Uncommon trap: reason=class_check action=maybe_recompile pc=0x0000021c120da888 method=org.springframework.boot.context.properties.source.ConfigurationPropertyName$Elements.charAt(II)C @ 43 c2
Event: 18.675 Thread 0x0000021c00966930 DEOPT PACKING pc=0x0000021c120da888 sp=0x000000e9830fc620
Event: 18.675 Thread 0x0000021c00966930 DEOPT UNPACKING pc=0x0000021c11b146a2 sp=0x000000e9830fc598 mode 2
Event: 18.717 Thread 0x0000021c00966930 Uncommon trap: trap_request=0xfffffff4 fr.pc=0x0000021c121cc7f0 relative=0x00000000000002b0
Event: 18.717 Thread 0x0000021c00966930 Uncommon trap: reason=null_check action=make_not_entrant pc=0x0000021c121cc7f0 method=org.springframework.util.ClassUtils.isAssignable(Ljava/lang/Class;Ljava/lang/Class;)Z @ 14 c2
Event: 18.717 Thread 0x0000021c00966930 DEOPT PACKING pc=0x0000021c121cc7f0 sp=0x000000e9830fe8a0
Event: 18.717 Thread 0x0000021c00966930 DEOPT UNPACKING pc=0x0000021c11b146a2 sp=0x000000e9830fe830 mode 2
Event: 27.214 Thread 0x0000021c64886020 Uncommon trap: trap_request=0xffffff45 fr.pc=0x0000021c122659b8 relative=0x0000000000000218
Event: 27.214 Thread 0x0000021c64886020 Uncommon trap: reason=unstable_if action=reinterpret pc=0x0000021c122659b8 method=java.lang.String.indexOf(Ljava/lang/String;)I @ 10 c2
Event: 27.214 Thread 0x0000021c64886020 DEOPT PACKING pc=0x0000021c122659b8 sp=0x000000e984dfdf10
Event: 27.214 Thread 0x0000021c64886020 DEOPT UNPACKING pc=0x0000021c11b146a2 sp=0x000000e984dfde48 mode 2
Event: 27.214 Thread 0x0000021c64886020 Uncommon trap: trap_request=0xffffff45 fr.pc=0x0000021c12148b80 relative=0x00000000000001e0
Event: 27.214 Thread 0x0000021c64886020 Uncommon trap: reason=unstable_if action=reinterpret pc=0x0000021c12148b80 method=java.lang.String.indexOf(Ljava/lang/String;)I @ 10 c2
Event: 27.214 Thread 0x0000021c64886020 DEOPT PACKING pc=0x0000021c12148b80 sp=0x000000e984dfdeb0
Event: 27.214 Thread 0x0000021c64886020 DEOPT UNPACKING pc=0x0000021c11b146a2 sp=0x000000e984dfde50 mode 2

Classes loaded (20 events):
Event: 26.937 Loading class sun/nio/ch/SocketAdaptor
Event: 26.938 Loading class sun/nio/ch/SocketAdaptor done
Event: 26.938 Loading class sun/nio/ch/SocketChannelImpl$DefaultOptionsHolder
Event: 26.938 Loading class sun/nio/ch/SocketChannelImpl$DefaultOptionsHolder done
Event: 26.941 Loading class sun/nio/ch/SelectionKeyImpl
Event: 26.941 Loading class java/nio/channels/spi/AbstractSelectionKey
Event: 26.941 Loading class java/nio/channels/SelectionKey
Event: 26.942 Loading class java/nio/channels/SelectionKey done
Event: 26.942 Loading class java/nio/channels/spi/AbstractSelectionKey done
Event: 26.942 Loading class sun/nio/ch/SelectionKeyImpl done
Event: 26.942 Loading class java/lang/invoke/ConstantBootstraps
Event: 26.943 Loading class java/lang/invoke/ConstantBootstraps done
Event: 27.044 Loading class sun/nio/cs/ThreadLocalCoders
Event: 27.045 Loading class sun/nio/cs/ThreadLocalCoders done
Event: 27.045 Loading class sun/nio/cs/ThreadLocalCoders$1
Event: 27.045 Loading class sun/nio/cs/ThreadLocalCoders$Cache
Event: 27.045 Loading class sun/nio/cs/ThreadLocalCoders$Cache done
Event: 27.045 Loading class sun/nio/cs/ThreadLocalCoders$1 done
Event: 27.045 Loading class sun/nio/cs/ThreadLocalCoders$2
Event: 27.045 Loading class sun/nio/cs/ThreadLocalCoders$2 done

Classes unloaded (0 events):
No events

Classes redefined (0 events):
No events

Internal exceptions (20 events):
Event: 15.355 Thread 0x0000021c00966930 Exception <a 'java/lang/IncompatibleClassChangeError'{0x00000000c381cef0}: Found class java.lang.Object, but interface was expected> (0x00000000c381cef0) 
thrown [s\open\src\hotspot\share\interpreter\linkResolver.cpp, line 841]
Event: 15.376 Thread 0x0000021c00966930 Exception <a 'java/lang/IncompatibleClassChangeError'{0x00000000c38b9258}: Found class java.lang.Object, but interface was expected> (0x00000000c38b9258) 
thrown [s\open\src\hotspot\share\interpreter\linkResolver.cpp, line 841]
Event: 15.420 Thread 0x0000021c00966930 Implicit null exception at 0x0000021c122c1f00 to 0x0000021c122c2198
Event: 15.438 Thread 0x0000021c00966930 Exception <a 'java/lang/IncompatibleClassChangeError'{0x00000000c361d518}: Found class java.lang.Object, but interface was expected> (0x00000000c361d518) 
thrown [s\open\src\hotspot\share\interpreter\linkResolver.cpp, line 841]
Event: 15.799 Thread 0x0000021c00966930 Exception <a 'java/lang/IncompatibleClassChangeError'{0x00000000c43c92b8}: Found class java.lang.Object, but interface was expected> (0x00000000c43c92b8) 
thrown [s\open\src\hotspot\share\interpreter\linkResolver.cpp, line 841]
Event: 15.981 Thread 0x0000021c00966930 Exception <a 'java/lang/IncompatibleClassChangeError'{0x00000000c4099078}: Found class java.lang.Object, but interface was expected> (0x00000000c4099078) 
thrown [s\open\src\hotspot\share\interpreter\linkResolver.cpp, line 841]
Event: 16.368 Thread 0x0000021c00966930 Exception <a 'java/lang/NoSuchMethodError'{0x00000000c3911020}: 'long java.lang.invoke.DirectMethodHandle$Holder.invokeVirtual(java.lang.Object, java.lang.Object)'> (0x00000000c3911020) 
thrown [s\open\src\hotspot\share\interpreter\linkResolver.cpp, line 774]
Event: 16.481 Thread 0x0000021c00966930 Exception <a 'java/lang/NoSuchMethodError'{0x00000000c37249e0}: 'java.lang.Object java.lang.invoke.DirectMethodHandle$Holder.newInvokeSpecial(java.lang.Object, java.lang.Object, java.lang.Object, java.lang.Object, java.lang.Object, java.lang.Object, java.lang.Object, java.lang.Object)'> (0x00000000c37249e0) 
thrown [s\open\src\hotspot\share\interpreter\linkResolver.cpp, line 774]
Event: 17.724 Thread 0x0000021c00966930 Exception <a 'java/lang/IncompatibleClassChangeError'{0x00000000c446c078}: Found class java.lang.Object, but interface was expected> (0x00000000c446c078) 
thrown [s\open\src\hotspot\share\interpreter\linkResolver.cpp, line 841]
Event: 18.366 Thread 0x0000021c00966930 Exception <a 'java/lang/NoSuchMethodError'{0x00000000c3ffa878}: 'void java.lang.invoke.DirectMethodHandle$Holder.invokeVirtual(java.lang.Object, java.lang.Object, long)'> (0x00000000c3ffa878) 
thrown [s\open\src\hotspot\share\interpreter\linkResolver.cpp, line 774]
Event: 18.622 Thread 0x0000021c00966930 Exception <a 'java/lang/NoSuchMethodError'{0x00000000c3b2bcb0}: 'int java.lang.invoke.DirectMethodHandle$Holder.invokeStaticInit(java.lang.Object, java.lang.Object, java.lang.Object, java.lang.Object)'> (0x00000000c3b2bcb0) 
thrown [s\open\src\hotspot\share\interpreter\linkResolver.cpp, line 774]
Event: 18.630 Thread 0x0000021c00966930 Implicit null exception at 0x0000021c1222edc0 to 0x0000021c1222f338
Event: 18.687 Thread 0x0000021c00966930 Exception <a 'java/lang/IncompatibleClassChangeError'{0x00000000c3bf34f0}: Found class java.lang.Object, but interface was expected> (0x00000000c3bf34f0) 
thrown [s\open\src\hotspot\share\interpreter\linkResolver.cpp, line 841]
Event: 18.717 Thread 0x0000021c00966930 Implicit null exception at 0x0000021c121cc56b to 0x0000021c121cc7dc
Event: 18.969 Thread 0x0000021c00966930 Exception <a 'java/lang/NoSuchMethodError'{0x00000000c4ff6508}: 'java.lang.Object java.lang.invoke.DirectMethodHandle$Holder.newInvokeSpecial(java.lang.Object, java.lang.Object, int, java.lang.Object, java.lang.Object)'> (0x00000000c4ff6508) 
thrown [s\open\src\hotspot\share\interpreter\linkResolver.cpp, line 774]
Event: 18.971 Thread 0x0000021c00966930 Exception <a 'java/lang/NoSuchMethodError'{0x00000000c4e015d8}: 'java.lang.Object java.lang.invoke.DirectMethodHandle$Holder.invokeSpecial(java.lang.Object, java.lang.Object, int, java.lang.Object, int, java.lang.Object)'> (0x00000000c4e015d8) 
thrown [s\open\src\hotspot\share\interpreter\linkResolver.cpp, line 774]
Event: 18.973 Thread 0x0000021c00966930 Exception <a 'java/lang/NoSuchMethodError'{0x00000000c4e08818}: 'java.lang.Object java.lang.invoke.DirectMethodHandle$Holder.newInvokeSpecial(java.lang.Object, java.lang.Object, int, java.lang.Object, int)'> (0x00000000c4e08818) 
thrown [s\open\src\hotspot\share\interpreter\linkResolver.cpp, line 774]
Event: 18.974 Thread 0x0000021c00966930 Exception <a 'java/lang/NoSuchMethodError'{0x00000000c4e0c698}: 'java.lang.Object java.lang.invoke.DirectMethodHandle$Holder.invokeSpecial(java.lang.Object, java.lang.Object, java.lang.Object, int, java.lang.Object, int)'> (0x00000000c4e0c698) 
thrown [s\open\src\hotspot\share\interpreter\linkResolver.cpp, line 774]
Event: 27.034 Thread 0x0000021c648845e0 Exception <a 'java/lang/NoSuchMethodError'{0x00000000c4b6ca50}: 'java.lang.Object java.lang.invoke.DirectMethodHandle$Holder.invokeSpecial(java.lang.Object, java.lang.Object, java.lang.Object, java.lang.Object, java.lang.Object, long)'> (0x00000000c4b6ca50) 
thrown [s\open\src\hotspot\share\interpreter\linkResolver.cpp, line 774]
Event: 27.037 Thread 0x0000021c648845e0 Exception <a 'java/lang/NoSuchMethodError'{0x00000000c4b70450}: 'java.lang.Object java.lang.invoke.Invokers$Holder.linkToTargetMethod(java.lang.Object, java.lang.Object, java.lang.Object, long, java.lang.Object)'> (0x00000000c4b70450) 
thrown [s\open\src\hotspot\share\interpreter\linkResolver.cpp, line 774]

ZGC Phase Switch (0 events):
No events

VM Operations (20 events):
Event: 16.604 Executing VM operation: G1PauseRemark
Event: 16.638 Executing VM operation: G1PauseRemark done
Event: 16.670 Executing VM operation: G1PauseCleanup
Event: 16.670 Executing VM operation: G1PauseCleanup done
Event: 17.095 Executing VM operation: HandshakeAllThreads (Deoptimize)
Event: 17.095 Executing VM operation: HandshakeAllThreads (Deoptimize) done
Event: 17.175 Executing VM operation: HandshakeAllThreads (Deoptimize)
Event: 17.175 Executing VM operation: HandshakeAllThreads (Deoptimize) done
Event: 18.182 Executing VM operation: Cleanup
Event: 18.182 Executing VM operation: Cleanup done
Event: 18.481 Executing VM operation: HandshakeAllThreads (Deoptimize)
Event: 18.481 Executing VM operation: HandshakeAllThreads (Deoptimize) done
Event: 18.803 Executing VM operation: G1CollectForAllocation (G1 Evacuation Pause)
Event: 18.818 Executing VM operation: G1CollectForAllocation (G1 Evacuation Pause) done
Event: 19.822 Executing VM operation: Cleanup
Event: 19.822 Executing VM operation: Cleanup done
Event: 27.086 Executing VM operation: HandshakeAllThreads (Deoptimize)
Event: 27.087 Executing VM operation: HandshakeAllThreads (Deoptimize) done
Event: 27.087 Executing VM operation: Cleanup
Event: 27.087 Executing VM operation: Cleanup done

Events (20 events):
Event: 16.636 Thread 0x0000021c00b38710 flushing nmethod 0x0000021c0ac92010
Event: 16.636 Thread 0x0000021c00b38710 flushing nmethod 0x0000021c0ac92f90
Event: 16.636 Thread 0x0000021c00b38710 flushing nmethod 0x0000021c0ad57090
Event: 16.636 Thread 0x0000021c00b38710 flushing nmethod 0x0000021c0ad81990
Event: 16.636 Thread 0x0000021c00b38710 flushing nmethod 0x0000021c0ad8bb90
Event: 16.636 Thread 0x0000021c00b38710 flushing nmethod 0x0000021c0adc5b10
Event: 18.989 Thread 0x0000021c648845e0 Thread added: 0x0000021c648845e0
Event: 18.989 Thread 0x0000021c64886020 Thread added: 0x0000021c64886020
Event: 18.990 Thread 0x0000021c657e5df0 Thread added: 0x0000021c657e5df0
Event: 18.990 Thread 0x0000021c657e3690 Thread added: 0x0000021c657e3690
Event: 18.990 Thread 0x0000021c657e8550 Thread added: 0x0000021c657e8550
Event: 18.990 Thread 0x0000021c657e8be0 Thread added: 0x0000021c657e8be0
Event: 18.990 Thread 0x0000021c657e9270 Thread added: 0x0000021c657e9270
Event: 18.991 Thread 0x0000021c657e3d20 Thread added: 0x0000021c657e3d20
Event: 18.991 Thread 0x0000021c657e7ec0 Thread added: 0x0000021c657e7ec0
Event: 18.991 Thread 0x0000021c657eacb0 Thread added: 0x0000021c657eacb0
Event: 19.012 Thread 0x0000021c657e43b0 Thread added: 0x0000021c657e43b0
Event: 19.015 Thread 0x0000021c657e9900 Thread added: 0x0000021c657e9900
Event: 19.051 Thread 0x0000021c00966930 Thread exited: 0x0000021c00966930
Event: 19.051 Thread 0x0000021c657e9f90 Thread added: 0x0000021c657e9f90


Dynamic libraries:
0x00007ff7096a0000 - 0x00007ff7096b0000 	C:\Program Files\Java\jdk-22\bin\java.exe
0x00007ffa5b550000 - 0x00007ffa5b745000 	C:\Windows\SYSTEM32\ntdll.dll
0x00007ffa59700000 - 0x00007ffa597bd000 	C:\Windows\System32\KERNEL32.DLL
0x00007ffa592e0000 - 0x00007ffa595a8000 	C:\Windows\System32\KERNELBASE.dll
0x00007ffa591e0000 - 0x00007ffa592e0000 	C:\Windows\System32\ucrtbase.dll
0x00007ffa30450000 - 0x00007ffa3046b000 	C:\Program Files\Java\jdk-22\bin\VCRUNTIME140.dll
0x00007ffa2a340000 - 0x00007ffa2a357000 	C:\Program Files\Java\jdk-22\bin\jli.dll
0x00007ffa5ac10000 - 0x00007ffa5acbc000 	C:\Windows\System32\ADVAPI32.dll
0x00007ffa5a830000 - 0x00007ffa5a8ce000 	C:\Windows\System32\msvcrt.dll
0x00007ffa5b470000 - 0x00007ffa5b50b000 	C:\Windows\System32\sechost.dll
0x00007ffa5acc0000 - 0x00007ffa5adeb000 	C:\Windows\System32\RPCRT4.dll
0x00007ffa46b00000 - 0x00007ffa46d9a000 	C:\Windows\WinSxS\amd64_microsoft.windows.common-controls_6595b64144ccf1df_6.0.19041.844_none_ca00b6081b84eb1d\COMCTL32.dll
0x00007ffa5b270000 - 0x00007ffa5b410000 	C:\Windows\System32\USER32.dll
0x00007ffa58c90000 - 0x00007ffa58cb2000 	C:\Windows\System32\win32u.dll
0x00007ffa595c0000 - 0x00007ffa595ea000 	C:\Windows\System32\GDI32.dll
0x00007ffa58ff0000 - 0x00007ffa590fb000 	C:\Windows\System32\gdi32full.dll
0x00007ffa58da0000 - 0x00007ffa58e3d000 	C:\Windows\System32\msvcp_win.dll
0x00007ffa50d20000 - 0x00007ffa50d2a000 	C:\Windows\SYSTEM32\VERSION.dll
0x00007ffa596d0000 - 0x00007ffa59700000 	C:\Windows\System32\IMM32.DLL
0x00007ffa51450000 - 0x00007ffa5145c000 	C:\Program Files\Java\jdk-22\bin\vcruntime140_1.dll
0x00007ffa2a2b0000 - 0x00007ffa2a33e000 	C:\Program Files\Java\jdk-22\bin\msvcp140.dll
0x00007ffa24d60000 - 0x00007ffa25aa7000 	C:\Program Files\Java\jdk-22\bin\server\jvm.dll
0x00007ffa5b200000 - 0x00007ffa5b26b000 	C:\Windows\System32\WS2_32.dll
0x00007ffa58b00000 - 0x00007ffa58b4b000 	C:\Windows\SYSTEM32\POWRPROF.dll
0x00007ffa44460000 - 0x00007ffa44487000 	C:\Windows\SYSTEM32\WINMM.dll
0x00007ffa58ae0000 - 0x00007ffa58af2000 	C:\Windows\SYSTEM32\UMPDC.dll
0x00007ffa57560000 - 0x00007ffa57572000 	C:\Windows\SYSTEM32\kernel.appcore.dll
0x00007ffa4eec0000 - 0x00007ffa4eeca000 	C:\Program Files\Java\jdk-22\bin\jimage.dll
0x00007ffa56970000 - 0x00007ffa56b54000 	C:\Windows\SYSTEM32\DBGHELP.DLL
0x00007ffa44330000 - 0x00007ffa4435c000 	C:\Windows\SYSTEM32\dbgcore.DLL
0x00007ffa58d20000 - 0x00007ffa58da0000 	C:\Windows\System32\bcryptPrimitives.dll
0x00007ffa2a280000 - 0x00007ffa2a28f000 	C:\Program Files\Java\jdk-22\bin\instrument.dll
0x00007ffa2a290000 - 0x00007ffa2a2ae000 	C:\Program Files\Java\jdk-22\bin\java.dll
0x00007ffa5a0e0000 - 0x00007ffa5a822000 	C:\Windows\System32\SHELL32.dll
0x00007ffa59b30000 - 0x00007ffa59c5a000 	C:\Windows\System32\ole32.dll
0x00007ffa5adf0000 - 0x00007ffa5b145000 	C:\Windows\System32\combase.dll
0x00007ffa56dc0000 - 0x00007ffa57550000 	C:\Windows\SYSTEM32\windows.storage.dll
0x00007ffa58690000 - 0x00007ffa586bc000 	C:\Windows\SYSTEM32\Wldp.dll
0x00007ffa5b150000 - 0x00007ffa5b1fe000 	C:\Windows\System32\SHCORE.dll
0x00007ffa5a8d0000 - 0x00007ffa5a925000 	C:\Windows\System32\shlwapi.dll
0x00007ffa58bd0000 - 0x00007ffa58bef000 	C:\Windows\SYSTEM32\profapi.dll
0x00007ffa25ca0000 - 0x00007ffa25d77000 	C:\Program Files\Java\jdk-22\bin\jsvml.dll
0x00007ffa2a260000 - 0x00007ffa2a277000 	C:\Program Files\Java\jdk-22\bin\zip.dll
0x00007ffa2a250000 - 0x00007ffa2a260000 	C:\Program Files\Java\jdk-22\bin\net.dll
0x00007ffa583a0000 - 0x00007ffa5840a000 	C:\Windows\system32\mswsock.dll
0x00007ffa2a230000 - 0x00007ffa2a246000 	C:\Program Files\Java\jdk-22\bin\nio.dll
0x00007ffa2a210000 - 0x00007ffa2a22a000 	C:\Program Files\JetBrains\IntelliJ IDEA Community Edition 2024.1.1\bin\breakgen64.dll
0x00007ffa2a1c0000 - 0x00007ffa2a1c9000 	C:\Program Files\Java\jdk-22\bin\extnet.dll
0x00007ffa25c80000 - 0x00007ffa25c8b000 	C:\Program Files\Java\jdk-22\bin\le.dll
0x00007ffa25c70000 - 0x00007ffa25c7e000 	C:\Program Files\Java\jdk-22\bin\sunmscapi.dll
0x00007ffa58e90000 - 0x00007ffa58fef000 	C:\Windows\System32\CRYPT32.dll
0x00007ffa58700000 - 0x00007ffa58727000 	C:\Windows\SYSTEM32\ncrypt.dll
0x00007ffa586c0000 - 0x00007ffa586fb000 	C:\Windows\SYSTEM32\NTASN1.dll
0x00007ffa58570000 - 0x00007ffa58588000 	C:\Windows\SYSTEM32\CRYPTSP.dll
0x00007ffa57d40000 - 0x00007ffa57d74000 	C:\Windows\system32\rsaenh.dll
0x00007ffa59100000 - 0x00007ffa59127000 	C:\Windows\System32\bcrypt.dll
0x00007ffa58b50000 - 0x00007ffa58b7e000 	C:\Windows\SYSTEM32\USERENV.dll
0x00007ffa58590000 - 0x00007ffa5859c000 	C:\Windows\SYSTEM32\CRYPTBASE.dll
0x00007ffa58090000 - 0x00007ffa580cb000 	C:\Windows\SYSTEM32\IPHLPAPI.DLL
0x00007ffa595b0000 - 0x00007ffa595b8000 	C:\Windows\System32\NSI.dll
0x00007ffa25c60000 - 0x00007ffa25c6a000 	C:\Program Files\Java\jdk-22\bin\management.dll
0x00007ffa25c50000 - 0x00007ffa25c5b000 	C:\Program Files\Java\jdk-22\bin\management_ext.dll
0x00007ffa59840000 - 0x00007ffa59848000 	C:\Windows\System32\PSAPI.DLL
0x00007ffa580d0000 - 0x00007ffa5819c000 	C:\Windows\SYSTEM32\DNSAPI.dll
0x00007ffa47a90000 - 0x00007ffa47a9a000 	C:\Windows\System32\rasadhlp.dll
0x00007ffa48390000 - 0x00007ffa4840f000 	C:\Windows\System32\fwpuclnt.dll
0x00007ffa25c40000 - 0x00007ffa25c50000 	C:\Program Files\Java\jdk-22\bin\verify.dll
0x00007ffa52b50000 - 0x00007ffa52b57000 	C:\Windows\system32\wshunix.dll

dbghelp: loaded successfully - version: 4.0.5 - missing functions: none
symbol engine: initialized successfully - sym options: 0x614 - pdb path: .;C:\Program Files\Java\jdk-22\bin;C:\Windows\SYSTEM32;C:\Windows\WinSxS\amd64_microsoft.windows.common-controls_6595b64144ccf1df_6.0.19041.844_none_ca00b6081b84eb1d;C:\Program Files\Java\jdk-22\bin\server;C:\Program Files\JetBrains\IntelliJ IDEA Community Edition 2024.1.1\bin

VM Arguments:
jvm_args: -javaagent:C:\Program Files\JetBrains\IntelliJ IDEA Community Edition 2024.1.1\lib\idea_rt.jar=51714:C:\Program Files\JetBrains\IntelliJ IDEA Community Edition 2024.1.1\bin -Dfile.encoding=UTF-8 -Dsun.stdout.encoding=UTF-8 -Dsun.stderr.encoding=UTF-8 
java_command: com.example.project3.Project3Application
java_class_path (initial): C:\Users\Admin\IdeaProjects\project3\target\classes;C:\Users\Admin\.m2\repository\org\springframework\boot\spring-boot-starter-web\3.2.5\spring-boot-starter-web-3.2.5.jar;C:\Users\Admin\.m2\repository\org\springframework\boot\spring-boot-starter\3.2.5\spring-boot-starter-3.2.5.jar;C:\Users\Admin\.m2\repository\org\springframework\boot\spring-boot\3.2.5\spring-boot-3.2.5.jar;C:\Users\Admin\.m2\repository\org\springframework\boot\spring-boot-autoconfigure\3.2.5\spring-boot-autoconfigure-3.2.5.jar;C:\Users\Admin\.m2\repository\org\springframework\boot\spring-boot-starter-logging\3.2.5\spring-boot-starter-logging-3.2.5.jar;C:\Users\Admin\.m2\repository\ch\qos\logback\logback-classic\1.4.14\logback-classic-1.4.14.jar;C:\Users\Admin\.m2\repository\ch\qos\logback\logback-core\1.4.14\logback-core-1.4.14.jar;C:\Users\Admin\.m2\repository\org\apache\logging\log4j\log4j-to-slf4j\2.21.1\log4j-to-slf4j-2.21.1.jar;C:\Users\Admin\.m2\repository\org\apache\logging\log4j\log4j-api\2.21.1\log4j-api-2.21.1.jar;C:\Users\Admin\.m2\repository\org\slf4j\jul-to-slf4j\2.0.13\jul-to-slf4j-2.0.13.jar;C:\Users\Admin\.m2\repository\jakarta\annotation\jakarta.annotation-api\2.1.1\jakarta.annotation-api-2.1.1.jar;C:\Users\Admin\.m2\repository\org\yaml\snakeyaml\2.2\snakeyaml-2.2.jar;C:\Users\Admin\.m2\repository\org\springframework\boot\spring-boot-starter-json\3.2.5\spring-boot-starter-json-3.2.5.jar;C:\Users\Admin\.m2\repository\com\fasterxml\jackson\core\jackson-databind\2.15.4\jackson-databind-2.15.4.jar;C:\Users\Admin\.m2\repository\com\fasterxml\jackson\core\jackson-annotations\2.15.4\jackson-annotations-2.15.4.jar;C:\Users\Admin\.m2\repository\com\fasterxml\jackson\core\jackson-core\2.15.4\jackson-core-2.15.4.jar;C:\Users\Admin\.m2\repository\com\fasterxml\jackson\datatype\jackson-datatype-jdk8\2.15.4\jackson-datatype-jdk8-2.15.4.jar;C:\Users\Admin\.m2\repository\com\fasterxml\jackson\datatype\jackson-datatype-jsr310\2.15.4\jackson-datatype-jsr310-2.15.4.jar;C:\Users\Admin\.m2\repository\com\fasterxml\jackson\module\jackson-module-parameter-names\2.15.4\jackson-module-parameter-names-2.15.4.jar;C:\Users\Admin\.m2\repository\org\springframework\boot\spring-boot-starter-tomcat\3.2.5\spring-boot-starter-tomcat-3.2.5.jar;C:\Users\Admin\.m2\repository\org\apache\tomcat\embed\tomcat-embed-core\10.1.20\tomcat-embed-core-10.1.20.jar;C:\Users\Admin\.m2\repository\org\apache\tomcat\embed\tomcat-embed-el\10.1.20\tomcat-embed-el-10.1.20.jar;C:\Users\Admin\.m2\repository\org\apache\tomcat\embed\tomcat-embed-websocket\10.1.20\tomcat-embed-websocket-10.1.20.jar;C:\Users\Admin\.m2\repository\org\springframework\spring-web\6.1.6\spring-web-6.1.6.jar;C:\Users\Admin\.m2\repository\org\springframework\spring-beans\6.1.6\spring-beans-6.1.6.jar;C:\Users\Admin\.m2\repository\io\micrometer\micrometer-observation\1.12.5\micrometer-observation-1.12.5.jar;C:\Users\Admin\.m2\repository\io\micrometer\micrometer-commons\1.12.5\micrometer-commons-1.12.5.jar;C:\Users\Admin\.m2\repository\org\springframework\spring-webmvc\6.1.6\spring-webmvc-6.1.6.jar;C:\Users\Admin\.m2\repository\org\springframework\spring-context\6.1.6\spring-context-6.1.6.jar;C:\Users\Admin\.m2\repository\org\springframework\spring-expression\6.1.6\spring-expression-6.1.6.jar;C:\Users\Admin\.m2\repository\org\springframework\boot\spring-boot-starter-data-jpa\3.2.5\spring-boot-starter-data-jpa-3.2.5.jar;C:\Users\Admin\.m2\repository\org\springframework\boot\spring-boot-starter-aop\3.2.5\spring-boot-starter-aop-3.2.5.jar;C:\Users\Admin\.m2\repository\org\aspectj\aspectjweaver\1.9.22\aspectjweaver-1.9.22.jar;C:\Users\Admin\.m2\repository\org\springframework\boot\spring-boot-starter-jdbc\3.2.5\spring-boot-starter-jdbc-3.2.5.jar;C:\Users\Admin\.m2\repository\com\zaxxer\HikariCP\5.0.1\HikariCP-5.0.1.jar;C:\Users\Admin\.m2\repository\org\springframework\spring-jdbc\6.1.6\spring-jdbc-6.1.6.jar;C:\Users\Admin\.m2\repository\org\hibernate\orm\hibernate-core\6.4.4.Final\hibernate-core-6.4.4.Final.jar;C:\Users\Admin\.m2\repository\jakarta\transaction\jakarta.transaction-api\2.0.1\jakarta.transaction-api-2.0.1.jar;C:\Users\Admin\.m2\repository\org\jboss\logging\jboss-logging\3.5.3.Final\jboss-logging-3.5.3.Final.jar;C:\Users\Admin\.m2\repository\org\hibernate\common\hibernate-commons-annotations\6.0.6.Final\hibernate-commons-annotations-6.0.6.Final.jar;C:\Users\Admin\.m2\repository\io\smallrye\jandex\3.1.2\jandex-3.1.2.jar;C:\Users\Admin\.m2\repository\com\fasterxml\classmate\1.6.0\classmate-1.6.0.jar;C:\Users\Admin\.m2\repository\net\bytebuddy\byte-buddy\1.14.13\byte-buddy-1.14.13.jar;C:\Users\Admin\.m2\repository\org\glassfish\jaxb\jaxb-runtime\4.0.5\jaxb-runtime-4.0.5.jar;C:\Users\Admin\.m2\repository\org\glassfish\jaxb\jaxb-core\4.0.5\jaxb-core-4.0.5.jar;C:\Users\Admin\.m2\repository\org\eclipse\angus\angus-activation\2.0.2\angus-activation-2.0.2.jar;C:\Users\Admin\.m2\repository\org\glassfish\jaxb\txw2\4.0.5\txw2-4.0.5.jar;C:\Users\Admin\.m2\repository\com\sun\istack\istack-commons-runtime\4.1.2\istack-commons-runtime-4.1.2.jar;C:\Users\Admin\.m2\repository\jakarta\inject\jakarta.inject-api\2.0.1\jakarta.inject-api-2.0.1.jar;C:\Users\Admin\.m2\repository\org\antlr\antlr4-runtime\4.13.0\antlr4-runtime-4.13.0.jar;C:\Users\Admin\.m2\repository\org\springframework\data\spring-data-jpa\3.2.5\spring-data-jpa-3.2.5.jar;C:\Users\Admin\.m2\repository\org\springframework\data\spring-data-commons\3.2.5\spring-data-commons-3.2.5.jar;C:\Users\Admin\.m2\repository\org\springframework\spring-orm\6.1.6\spring-orm-6.1.6.jar;C:\Users\Admin\.m2\repository\org\springframework\spring-tx\6.1.6\spring-tx-6.1.6.jar;C:\Users\Admin\.m2\repository\org\slf4j\slf4j-api\2.0.13\slf4j-api-2.0.13.jar;C:\Users\Admin\.m2\repository\org\springframework\spring-aspects\6.1.6\spring-aspects-6.1.6.jar;C:\Users\Admin\.m2\repository\org\springframework\boot\spring-boot-starter-security\3.2.5\spring-boot-starter-security-3.2.5.jar;C:\Users\Admin\.m2\repository\org\springframework\spring-aop\6.1.6\spring-aop-6.1.6.jar;C:\Users\Admin\.m2\repository\org\springframework\security\spring-security-config\6.2.4\spring-security-config-6.2.4.jar;C:\Users\Admin\.m2\repository\org\springframework\security\spring-security-core\6.2.4\spring-security-core-6.2.4.jar;C:\Users\Admin\.m2\repository\org\springframework\security\spring-security-crypto\6.2.4\spring-security-crypto-6.2.4.jar;C:\Users\Admin\.m2\repository\org\springframework\security\spring-security-web\6.2.4\spring-security-web-6.2.4.jar;C:\Users\Admin\.m2\repository\jakarta\xml\bind\jakarta.xml.bind-api\4.0.2\jakarta.xml.bind-api-4.0.2.jar;C:\Users\Admin\.m2\repository\jakarta\activation\jakarta.activation-api\2.1.3\jakarta.activation-api-2.1.3.jar;C:\Users\Admin\.m2\repository\org\springframework\spring-core\6.1.6\spring-core-6.1.6.jar;C:\Users\Admin\.m2\repository\org\springframework\spring-jcl\6.1.6\spring-jcl-6.1.6.jar;C:\Users\Admin\.m2\repository\jakarta\persistence\jakarta.persistence-api\3.1.0\jakarta.persistence-api-3.1.0.jar;C:\Users\Admin\.m2\repository\com\nimbusds\nimbus-jose-jwt\9.38-rc4\nimbus-jose-jwt-9.38-rc4.jar;C:\Users\Admin\.m2\repository\com\mysql\mysql-connector-j\8.0.33\mysql-connector-j-8.0.33.jar
Launcher Type: SUN_STANDARD

[Global flags]
     intx CICompilerCount                          = 3                                         {product} {ergonomic}
     uint ConcGCThreads                            = 1                                         {product} {ergonomic}
     uint G1ConcRefinementThreads                  = 4                                         {product} {ergonomic}
   size_t G1HeapRegionSize                         = 1048576                                   {product} {ergonomic}
   size_t InitialHeapSize                          = 67108864                                  {product} {ergonomic}
   size_t MarkStackSize                            = 4194304                                   {product} {ergonomic}
   size_t MaxHeapSize                              = 1048576000                                {product} {ergonomic}
   size_t MaxNewSize                               = 629145600                                 {product} {ergonomic}
   size_t MinHeapDeltaBytes                        = 1048576                                   {product} {ergonomic}
   size_t MinHeapSize                              = 8388608                                   {product} {ergonomic}
    uintx NonNMethodCodeHeapSize                   = 5832780                                {pd product} {ergonomic}
    uintx NonProfiledCodeHeapSize                  = 122912730                              {pd product} {ergonomic}
    uintx ProfiledCodeHeapSize                     = 122912730                              {pd product} {ergonomic}
    uintx ReservedCodeCacheSize                    = 251658240                              {pd product} {ergonomic}
     bool SegmentedCodeCache                       = true                                      {product} {ergonomic}
   size_t SoftMaxHeapSize                          = 1048576000                             {manageable} {ergonomic}
     bool UseCompressedOops                        = true                           {product lp64_product} {ergonomic}
     bool UseG1GC                                  = true                                      {product} {ergonomic}
     bool UseLargePagesIndividualAllocation        = false                                  {pd product} {ergonomic}

Logging:
Log output configuration:
 #0: stdout all=warning uptime,level,tags foldmultilines=false
 #1: stderr all=off uptime,level,tags foldmultilines=false

Environment Variables:
PATH=C:\Program Files\Common Files\Oracle\Java\javapath;C:\Windows\system32;C:\Windows;C:\Windows\System32\Wbem;C:\Windows\System32\WindowsPowerShell\v1.0\;C:\Windows\System32\OpenSSH\;C:\Program Files\Git\cmd;C:\Program Files\Microsoft VS Code\bin;C:\Program Files\nodejs\;C:\Program Files (x86)\Microsoft SQL Server\160\Tools\Binn\;C:\Program Files\Microsoft SQL Server\160\Tools\Binn\;C:\Program Files\Microsoft SQL Server\Client SDK\ODBC\170\Tools\Binn\;C:\Program Files\Microsoft SQL Server\160\DTS\Binn\;C:\Program Files (x86)\Microsoft SQL Server\160\DTS\Binn\;C:\Users\Admin\AppData\Local\Microsoft\WindowsApps;C:\Users\Admin\AppData\Local\GitHubDesktop\bin;C:\Users\Admin\AppData\Roaming\npm;C:\Program Files\JetBrains\IntelliJ IDEA Community Edition 2024.1.1\bin;
USERNAME=Admin
OS=Windows_NT
PROCESSOR_IDENTIFIER=Intel64 Family 6 Model 78 Stepping 3, GenuineIntel
TMP=C:\Users\Admin\AppData\Local\Temp
TEMP=C:\Users\Admin\AppData\Local\Temp




Periodic native trim disabled

---------------  S Y S T E M  ---------------

OS:
 Windows 10 , 64 bit Build 19041 (10.0.19041.928)
OS uptime: 0 days 23:58 hours

CPU: total 4 (initial active 4) (2 cores per cpu, 2 threads per core) family 6 model 78 stepping 3 microcode 0xcc, cx8, cmov, fxsr, ht, mmx, 3dnowpref, sse, sse2, sse3, ssse3, sse4.1, sse4.2, popcnt, lzcnt, tsc, tscinvbit, avx, avx2, aes, erms, clmul, bmi1, bmi2, adx, fma, vzeroupper, clflush, clflushopt, rdtscp, f16c
Processor Information for all 4 processors :
  Max Mhz: 1992, Current Mhz: 1992, Mhz Limit: 1992

Memory: 4k page, system-wide physical 3992M (263M free)
TotalPageFile size 8088M (AvailPageFile size 3M)
current process WorkingSet (physical memory assigned to process): 220M, peak: 239M
current process commit charge ("private bytes"): 252M, peak: 268M

vm_info: Java HotSpot(TM) 64-Bit Server VM (22.0.1+8-16) for windows-amd64 JRE (22.0.1+8-16), built on 2024-03-12T10:33:16Z by "mach5one" with MS VC++ 17.6 (VS2022)

END.
